<?xml version="1.0" encoding="UTF-8"?>
<!-- Generated by org.testng.reporters.JUnitXMLReporter -->
<testsuite ignored="0" hostname="IN-189K1N3" failures="0" tests="1" name="Test_21" time="0.008" errors="0" timestamp="14 Jan 2023 14:43:17 GMT">
  <testcase classname="flipkart.pages.BasePage" name="@BeforeSuite allSetup" time="0.542">
    <failure type="org.openqa.selenium.SessionNotCreatedException" message="Could not start a new session. Possible causes are invalid address of the remote server or browser start-up failure.">
      <![CDATA[org.openqa.selenium.SessionNotCreatedException: Could not start a new session. Possible causes are invalid address of the remote server or browser start-up failure.
at org.openqa.selenium.remote.RemoteWebDriver.execute(RemoteWebDriver.java:565)
at org.openqa.selenium.remote.RemoteWebDriver.startSession(RemoteWebDriver.java:242)
at org.openqa.selenium.remote.RemoteWebDriver.<init>(RemoteWebDriver.java:157)
at org.openqa.selenium.firefox.FirefoxDriver.<init>(FirefoxDriver.java:110)
at org.openqa.selenium.firefox.FirefoxDriver.<init>(FirefoxDriver.java:98)
at flipkart.pages.BasePage.allSetup(BasePage.java:54)
Caused by: org.openqa.selenium.WebDriverException: Driver server process died prematurely.
Build info: version: '4.4.0', revision: 'e5c75ed026a'
System info: host: 'IN-189K1N3', ip: '192.168.81.52', os.name: 'Windows 10', os.arch: 'amd64', os.version: '10.0', java.version: '11.0.5'
Driver info: driver.version: FirefoxDriver
at org.openqa.selenium.remote.service.DriverService.start(DriverService.java:226)
at org.openqa.selenium.remote.service.DriverCommandExecutor.execute(DriverCommandExecutor.java:98)
at org.openqa.selenium.remote.RemoteWebDriver.execute(RemoteWebDriver.java:547)
... 25 more
... Removed 20 stack frames]]>
    </failure>
  </testcase> <!-- @BeforeSuite allSetup -->
  <testcase classname="flipkart.pages.BasePage" name="@BeforeTest openingURL" time="0.0">
    <skipped/>
  </testcase> <!-- @BeforeTest openingURL -->
  <testcase classname="flipkart.pages.BasePage" name="@BeforeMethod startTest" time="0.0">
    <skipped/>
  </testcase> <!-- @BeforeMethod startTest -->
  <testcase classname="flipkart.pages.BasePage" name="@AfterMethod status" time="0.0">
    <skipped/>
  </testcase> <!-- @AfterMethod status -->
  <testcase classname="flipkart.testcases.Travel" name="travel" time="0.0">
    <skipped/>
  </testcase> <!-- travel -->
</testsuite> <!-- Test_21 -->
