<?xml version="1.0" encoding="UTF-8"?>
<!-- Generated by org.testng.reporters.JUnitXMLReporter -->
<testsuite ignored="0" hostname="IN-189K1N3" failures="1" tests="1" name="Test_16" time="5.036" errors="0" timestamp="10 Jan 2023 08:50:06 GMT">
  <testcase classname="flipkart.testcases.Mobiles" name="mobiles" time="2.708">
    <failure type="org.openqa.selenium.StaleElementReferenceException" message="stale element reference: element is not attached to the page document
  (Session info: chrome=108.0.5359.125)
For documentation on this error, please visit: https://selenium.dev/exceptions/#stale_element_reference
Build info: version: &amp;apos;4.4.0&amp;apos;, revision: &amp;apos;e5c75ed026a&amp;apos;
System info: host: &amp;apos;IN-189K1N3&amp;apos;, ip: &amp;apos;192.168.52.52&amp;apos;, os.name: &amp;apos;Windows 10&amp;apos;, os.arch: &amp;apos;amd64&amp;apos;, os.version: &amp;apos;10.0&amp;apos;, java.version: &amp;apos;11.0.5&amp;apos;
Driver info: org.openqa.selenium.chrome.ChromeDriver
Command: [4b868a092dfcbd2ec0ce723944c10fff, clickElement {id=b7b36aaf-1768-4e55-9d12-6667ee3223b0}]
Capabilities {acceptInsecureCerts: false, browserName: chrome, browserVersion: 108.0.5359.125, chrome: {chromedriverVersion: 108.0.5359.71 (1e0e3868ee06..., userDataDir: C:\Users\ARYANK~1\AppData\L...}, goog:chromeOptions: {debuggerAddress: localhost:63684}, networkConnectionEnabled: false, pageLoadStrategy: normal, platformName: WINDOWS, proxy: Proxy(), se:cdp: ws://localhost:63684/devtoo..., se:cdpVersion: 108.0.5359.125, setWindowRect: true, strictFileInteractability: false, timeouts: {implicit: 0, pageLoad: 300000, script: 30000}, unhandledPromptBehavior: dismiss and notify, webauthn:extension:credBlob: true, webauthn:extension:largeBlob: true, webauthn:virtualAuthenticators: true}
Element: [[ChromeDriver: chrome on WINDOWS (4b868a092dfcbd2ec0ce723944c10fff)] -&amp;gt; xpath: //body/div[@id=&amp;apos;container&amp;apos;]/div[1]/div[3]/div[1]/div[2]/div[2]/div[1]/div[1]/div[1]/a[1]/div[1]/div[2]/div[1]/span[1]/label[1]/div[1]]
Session ID: 4b868a092dfcbd2ec0ce723944c10fff">
      <![CDATA[org.openqa.selenium.StaleElementReferenceException: stale element reference: element is not attached to the page document
  (Session info: chrome=108.0.5359.125)
For documentation on this error, please visit: https://selenium.dev/exceptions/#stale_element_reference
Build info: version: '4.4.0', revision: 'e5c75ed026a'
System info: host: 'IN-189K1N3', ip: '192.168.52.52', os.name: 'Windows 10', os.arch: 'amd64', os.version: '10.0', java.version: '11.0.5'
Driver info: org.openqa.selenium.chrome.ChromeDriver
Command: [4b868a092dfcbd2ec0ce723944c10fff, clickElement {id=b7b36aaf-1768-4e55-9d12-6667ee3223b0}]
Capabilities {acceptInsecureCerts: false, browserName: chrome, browserVersion: 108.0.5359.125, chrome: {chromedriverVersion: 108.0.5359.71 (1e0e3868ee06..., userDataDir: C:\Users\ARYANK~1\AppData\L...}, goog:chromeOptions: {debuggerAddress: localhost:63684}, networkConnectionEnabled: false, pageLoadStrategy: normal, platformName: WINDOWS, proxy: Proxy(), se:cdp: ws://localhost:63684/devtoo..., se:cdpVersion: 108.0.5359.125, setWindowRect: true, strictFileInteractability: false, timeouts: {implicit: 0, pageLoad: 300000, script: 30000}, unhandledPromptBehavior: dismiss and notify, webauthn:extension:credBlob: true, webauthn:extension:largeBlob: true, webauthn:virtualAuthenticators: true}
Element: [[ChromeDriver: chrome on WINDOWS (4b868a092dfcbd2ec0ce723944c10fff)] -> xpath: //body/div[@id='container']/div[1]/div[3]/div[1]/div[2]/div[2]/div[1]/div[1]/div[1]/a[1]/div[1]/div[2]/div[1]/span[1]/label[1]/div[1]]
Session ID: 4b868a092dfcbd2ec0ce723944c10fff
at org.openqa.selenium.remote.codec.w3c.W3CHttpResponseCodec.createException(W3CHttpResponseCodec.java:200)
at org.openqa.selenium.remote.codec.w3c.W3CHttpResponseCodec.decode(W3CHttpResponseCodec.java:133)
at org.openqa.selenium.remote.codec.w3c.W3CHttpResponseCodec.decode(W3CHttpResponseCodec.java:53)
at org.openqa.selenium.remote.HttpCommandExecutor.execute(HttpCommandExecutor.java:184)
at org.openqa.selenium.remote.service.DriverCommandExecutor.invokeExecute(DriverCommandExecutor.java:167)
at org.openqa.selenium.remote.service.DriverCommandExecutor.execute(DriverCommandExecutor.java:142)
at org.openqa.selenium.remote.RemoteWebDriver.execute(RemoteWebDriver.java:547)
at org.openqa.selenium.remote.RemoteWebElement.execute(RemoteWebElement.java:257)
at org.openqa.selenium.remote.RemoteWebElement.click(RemoteWebElement.java:78)
at org.openqa.selenium.support.pagefactory.internal.LocatingElementHandler.invoke(LocatingElementHandler.java:52)
at com.sun.proxy.$Proxy20.click(Unknown Source)
at flipkart.pages.MobilesPage.mobiles(MobilesPage.java:43)
at flipkart.testcases.Mobiles.mobiles(Mobiles.java:22)
... Removed 32 stack frames]]>
    </failure>
  </testcase> <!-- mobiles -->
</testsuite> <!-- Test_16 -->
