<?xml version="1.0" encoding="UTF-8"?>
<!-- Generated by org.testng.reporters.JUnitXMLReporter -->
<testsuite ignored="0" hostname="IN-189K1N3" failures="1" tests="1" name="Test_9" time="5.79" errors="0" timestamp="10 Jan 2023 08:49:10 GMT">
  <testcase classname="flipkart.testcases.Deal" name="deal" time="2.805">
    <failure type="java.lang.AssertionError" message="expected [Buy Cycle (साइकिल) &amp;amp; Bicycles Online in India | Flipkart.com] but found [Action Toys Online | Toys and Games | Flipkart.com]">
      <![CDATA[java.lang.AssertionError: expected [Buy Cycle (साइकिल) & Bicycles Online in India | Flipkart.com] but found [Action Toys Online | Toys and Games | Flipkart.com]
at flipkart.testcases.Deal.deal(Deal.java:26)
... Removed 31 stack frames]]>
    </failure>
  </testcase> <!-- deal -->
</testsuite> <!-- Test_9 -->
